Compiling the C compiler identification source file "CMakeCCompilerId.c" failed.
Compiler: /usr/bin/gcc-12 
Build flags: ;-mcpu=cortex-m0plus;-mthumb
Id flags:  

The output was:
1
gcc-12: warning: ‘-mcpu=’ is deprecated; use ‘-mtune=’ or ‘-march=’ instead
gcc-12: error: unrecognized command-line option ‘-mthumb’


Compiling the C compiler identification source file "CMakeCCompilerId.c" failed.
Compiler: /usr/bin/gcc-12 
Build flags: ;-mcpu=cortex-m0plus;-mthumb
Id flags: -c 

The output was:
1
gcc-12: warning: ‘-mcpu=’ is deprecated; use ‘-mtune=’ or ‘-march=’ instead
gcc-12: error: unrecognized command-line option ‘-mthumb’


Compiling the C compiler identification source file "CMakeCCompilerId.c" failed.
Compiler: /usr/bin/gcc-12 
Build flags: ;-mcpu=cortex-m0plus;-mthumb
Id flags: -Aa 

The output was:
1
gcc-12: warning: ‘-mcpu=’ is deprecated; use ‘-mtune=’ or ‘-march=’ instead
gcc-12: error: unrecognized command-line option ‘-mthumb’


Compiling the C compiler identification source file "CMakeCCompilerId.c" failed.
Compiler: /usr/bin/gcc-12 
Build flags: ;-mcpu=cortex-m0plus;-mthumb
Id flags: -D__CLASSIC_C__ 

The output was:
1
gcc-12: warning: ‘-mcpu=’ is deprecated; use ‘-mtune=’ or ‘-march=’ instead
gcc-12: error: unrecognized command-line option ‘-mthumb’


Compiling the C compiler identification source file "CMakeCCompilerId.c" failed.
Compiler: /usr/bin/gcc-12 
Build flags: ;-mcpu=cortex-m0plus;-mthumb
Id flags: --target=arm-arm-none-eabi;-mcpu=cortex-m3 

The output was:
1
gcc-12: warning: ‘-mcpu=’ is deprecated; use ‘-mtune=’ or ‘-march=’ instead
gcc-12: error: unrecognized command-line option ‘-mthumb’
gcc-12: error: unrecognized command-line option ‘--target=arm-arm-none-eabi’


Compiling the C compiler identification source file "CMakeCCompilerId.c" failed.
Compiler: /usr/bin/gcc-12 
Build flags: ;-mcpu=cortex-m0plus;-mthumb
Id flags: -c;-I__does_not_exist__ 

The output was:
1
gcc-12: warning: ‘-mcpu=’ is deprecated; use ‘-mtune=’ or ‘-march=’ instead
gcc-12: error: unrecognized command-line option ‘-mthumb’


Compiling the CXX compiler identification source file "CMakeCXXCompilerId.cpp" failed.
Compiler: /usr/bin/arm-none-eabi-g++ 
Build flags: ;-mcpu=cortex-m0plus;-mthumb
Id flags:  

The output was:
1
/usr/lib/gcc/arm-none-eabi/10.3.1/../../../arm-none-eabi/bin/ld: /usr/lib/gcc/arm-none-eabi/10.3.1/../../../arm-none-eabi/lib/thumb/v6-m/nofp/libc.a(lib_a-exit.o): in function `exit':
/build/newlib-pB30de/newlib-3.3.0/build/arm-none-eabi/thumb/v6-m/nofp/newlib/libc/stdlib/../../../../../../../../newlib/libc/stdlib/exit.c:64: undefined reference to `_exit'
collect2: error: ld returned 1 exit status


Detecting C compiler ABI info failed to compile with the following output:
Change Dir: /home/uzygncr/pico/pico-projects/Raspberrypi_PicoW_Blink/build/CMakeFiles/CMakeTmp

Run Build Command(s):/usr/bin/gmake -f Makefile cmTC_c68a7/fast && /usr/bin/gmake  -f CMakeFiles/cmTC_c68a7.dir/build.make CMakeFiles/cmTC_c68a7.dir/build
gmake[1]: Entering directory '/home/uzygncr/pico/pico-projects/Raspberrypi_PicoW_Blink/build/CMakeFiles/CMakeTmp'
Building C object CMakeFiles/cmTC_c68a7.dir/CMakeCCompilerABI.c.o
/usr/bin/gcc-12   -mcpu=cortex-m0plus -mthumb    -v -o CMakeFiles/cmTC_c68a7.dir/CMakeCCompilerABI.c.o -c /usr/share/cmake-3.22/Modules/CMakeCCompilerABI.c
gcc-12: warning: '-mcpu=' is deprecated; use '-mtune=' or '-march=' instead
Using built-in specs.
COLLECT_GCC=/usr/bin/gcc-12
OFFLOAD_TARGET_NAMES=nvptx-none:amdgcn-amdhsa
OFFLOAD_TARGET_DEFAULT=1
gcc-12: error: unrecognized command-line option '-mthumb'
Target: x86_64-linux-gnu
Configured with: ../src/configure -v --with-pkgversion='Ubuntu 12.3.0-1ubuntu1~22.04' --with-bugurl=file:///usr/share/doc/gcc-12/README.Bugs --enable-languages=c,ada,c++,go,d,fortran,objc,obj-c++,m2 --prefix=/usr --with-gcc-major-version-only --program-suffix=-12 --program-prefix=x86_64-linux-gnu- --enable-shared --enable-linker-build-id --libexecdir=/usr/lib --without-included-gettext --enable-threads=posix --libdir=/usr/lib --enable-nls --enable-clocale=gnu --enable-libstdcxx-debug --enable-libstdcxx-time=yes --with-default-libstdcxx-abi=new --enable-gnu-unique-object --disable-vtable-verify --enable-plugin --enable-default-pie --with-system-zlib --enable-libphobos-checking=release --with-target-system-zlib=auto --enable-objc-gc=auto --enable-multiarch --disable-werror --enable-cet --with-arch-32=i686 --with-abi=m64 --with-multilib-list=m32,m64,mx32 --enable-multilib --with-tune=generic --enable-offload-targets=nvptx-none=/build/gcc-12-ALHxjy/gcc-12-12.3.0/debian/tmp-nvptx/usr,amdgcn-amdhsa=/build/gcc-12-ALHxjy/gcc-12-12.3.0/debian/tmp-gcn/usr --enable-offload-defaulted --without-cuda-driver --enable-checking=release --build=x86_64-linux-gnu --host=x86_64-linux-gnu --target=x86_64-linux-gnu
Thread model: posix
Supported LTO compression algorithms: zlib zstd
gcc version 12.3.0 (Ubuntu 12.3.0-1ubuntu1~22.04) 
gmake[1]: *** [CMakeFiles/cmTC_c68a7.dir/build.make:78: CMakeFiles/cmTC_c68a7.dir/CMakeCCompilerABI.c.o] Error 1
gmake[1]: Leaving directory '/home/uzygncr/pico/pico-projects/Raspberrypi_PicoW_Blink/build/CMakeFiles/CMakeTmp'
gmake: *** [Makefile:127: cmTC_c68a7/fast] Error 2




Determining if the C compiler works failed with the following output:
Change Dir: /home/uzygncr/pico/pico-projects/Raspberrypi_PicoW_Blink/build/CMakeFiles/CMakeTmp

Run Build Command(s):/usr/bin/gmake -f Makefile cmTC_c0ad7/fast && /usr/bin/gmake  -f CMakeFiles/cmTC_c0ad7.dir/build.make CMakeFiles/cmTC_c0ad7.dir/build
gmake[1]: Entering directory '/home/uzygncr/pico/pico-projects/Raspberrypi_PicoW_Blink/build/CMakeFiles/CMakeTmp'
Building C object CMakeFiles/cmTC_c0ad7.dir/testCCompiler.c.o
/usr/bin/gcc-12   -mcpu=cortex-m0plus -mthumb  -o CMakeFiles/cmTC_c0ad7.dir/testCCompiler.c.o -c /home/uzygncr/pico/pico-projects/Raspberrypi_PicoW_Blink/build/CMakeFiles/CMakeTmp/testCCompiler.c
gcc-12: warning: ‘-mcpu=’ is deprecated; use ‘-mtune=’ or ‘-march=’ instead
gcc-12: error: unrecognized command-line option ‘-mthumb’
gmake[1]: *** [CMakeFiles/cmTC_c0ad7.dir/build.make:78: CMakeFiles/cmTC_c0ad7.dir/testCCompiler.c.o] Error 1
gmake[1]: Leaving directory '/home/uzygncr/pico/pico-projects/Raspberrypi_PicoW_Blink/build/CMakeFiles/CMakeTmp'
gmake: *** [Makefile:127: cmTC_c0ad7/fast] Error 2



